<?xml version="1.0" encoding="UTF-8"?>
<!-- Generated by org.testng.reporters.JUnitXMLReporter -->
<testsuite ignored="0" hostname="DESKTOP-U7LEM7P" failures="0" tests="3" name="Default test" time="73.023" errors="0" timestamp="2020-09-16T12:41:48 IST">
  <testcase classname="com.crm.qa.testcases.HomePageTest" name="verifyHomePageTitleTest" time="0.33"/>
  <testcase classname="com.crm.qa.testcases.HomePageTest" name="verifyusernameTest" time="4.408"/>
  <testcase classname="com.crm.qa.testcases.HomePageTest" name="clickOnConctsLinkTest" time="1.733"/>
</testsuite> <!-- Default test -->
