<?xml version="1.0" encoding="UTF-8"?>
<!-- Generated by org.testng.reporters.JUnitXMLReporter -->
<testsuite ignored="0" hostname="DESKTOP-U7LEM7P" failures="0" tests="11" name="Free crm test" time="217.649" errors="0" timestamp="2020-09-13T16:04:24 IST">
  <testcase classname="com.crm.qa.testcases.LoginPageTest" name="loginPageTitle" time="0.022"/>
  <testcase classname="com.crm.qa.testcases.LoginPageTest" name="loginTest" time="0.415"/>
  <testcase classname="com.crm.qa.testcases.HomePageTest" name="verifyHomePageTitleTest" time="0.01"/>
  <testcase classname="com.crm.qa.testcases.HomePageTest" name="verifyusernameTest" time="2.231"/>
  <testcase classname="com.crm.qa.testcases.HomePageTest" name="clickOnConctsLinkTest" time="1.594"/>
  <testcase classname="com.crm.qa.testcases.ContactsPageTest" name="verifyContactsPageLableTest" time="0.08"/>
  <testcase classname="com.crm.qa.testcases.ContactsPageTest" name="selectSingleContactsTest" time="0.96"/>
  <testcase classname="com.crm.qa.testcases.ContactsPageTest" name="selectMultipleContactsTest" time="1.464"/>
  <testcase classname="com.crm.qa.testcases.ContactsPageTest" name="clickNewContactTest" time="2.309"/>
  <testcase classname="com.crm.qa.testcases.ContactsPageTest" name="clickNewContactTest" time="21.846"/>
  <testcase classname="com.crm.qa.testcases.ContactsPageTest" name="clickNewContactTest" time="7.153"/>
</testsuite> <!-- Free crm test -->
