<?xml version="1.0" encoding="UTF-8"?>
<!-- Generated by org.testng.reporters.JUnitXMLReporter -->
<testsuite ignored="0" hostname="DESKTOP-U7LEM7P" failures="0" tests="11" name="Free crm App testcases" time="291.414" errors="0" timestamp="2020-09-13T16:47:17 IST">
  <testcase classname="com.crm.qa.testcases.LoginPageTest" name="@BeforeMethod setUp" time="34.391">
    <failure type="org.openqa.selenium.TimeoutException" message="timeout: Timed out receiving message from renderer: 24.019
  (Session info: chrome=85.0.4183.102)
Build info: version: &amp;apos;3.141.59&amp;apos;, revision: &amp;apos;e82be7d358&amp;apos;, time: &amp;apos;2018-11-14T08:17:03&amp;apos;
System info: host: &amp;apos;DESKTOP-U7LEM7P&amp;apos;, ip: &amp;apos;192.168.43.46&amp;apos;, os.name: &amp;apos;Windows 10&amp;apos;, os.arch: &amp;apos;amd64&amp;apos;, os.version: &amp;apos;10.0&amp;apos;, java.version: &amp;apos;11.0.6&amp;apos;
Driver info: org.openqa.selenium.chrome.ChromeDriver
Capabilities {acceptInsecureCerts: false, browserName: chrome, browserVersion: 85.0.4183.102, chrome: {chromedriverVersion: 85.0.4183.87 (cd6713ebf92fa..., userDataDir: C:\Users\Admin\AppData\Loca...}, goog:chromeOptions: {debuggerAddress: localhost:57919}, javascriptEnabled: true, networkConnectionEnabled: false, pageLoadStrategy: normal, platform: WINDOWS, platformName: WINDOWS, proxy: Proxy(), setWindowRect: true, strictFileInteractability: false, timeouts: {implicit: 0, pageLoad: 300000, script: 30000}, unhandledPromptBehavior: dismiss and notify, webauthn:virtualAuthenticators: true}
Session ID: 5f51593a8cab3ee059d6c04ff8c5c7de">
      <![CDATA[org.openqa.selenium.TimeoutException: timeout: Timed out receiving message from renderer: 24.019
  (Session info: chrome=85.0.4183.102)
Build info: version: '3.141.59', revision: 'e82be7d358', time: '2018-11-14T08:17:03'
System info: host: 'DESKTOP-U7LEM7P', ip: '192.168.43.46', os.name: 'Windows 10', os.arch: 'amd64', os.version: '10.0', java.version: '11.0.6'
Driver info: org.openqa.selenium.chrome.ChromeDriver
Capabilities {acceptInsecureCerts: false, browserName: chrome, browserVersion: 85.0.4183.102, chrome: {chromedriverVersion: 85.0.4183.87 (cd6713ebf92fa..., userDataDir: C:\Users\Admin\AppData\Loca...}, goog:chromeOptions: {debuggerAddress: localhost:57919}, javascriptEnabled: true, networkConnectionEnabled: false, pageLoadStrategy: normal, platform: WINDOWS, platformName: WINDOWS, proxy: Proxy(), setWindowRect: true, strictFileInteractability: false, timeouts: {implicit: 0, pageLoad: 300000, script: 30000}, unhandledPromptBehavior: dismiss and notify, webauthn:virtualAuthenticators: true}
Session ID: 5f51593a8cab3ee059d6c04ff8c5c7de
at org.openqa.selenium.remote.http.W3CHttpResponseCodec.createException(W3CHttpResponseCodec.java:187)
at org.openqa.selenium.remote.http.W3CHttpResponseCodec.decode(W3CHttpResponseCodec.java:122)
at org.openqa.selenium.remote.http.W3CHttpResponseCodec.decode(W3CHttpResponseCodec.java:49)
at org.openqa.selenium.remote.HttpCommandExecutor.execute(HttpCommandExecutor.java:158)
at org.openqa.selenium.remote.service.DriverCommandExecutor.execute(DriverCommandExecutor.java:83)
at org.openqa.selenium.remote.RemoteWebDriver.execute(RemoteWebDriver.java:552)
at org.openqa.selenium.remote.RemoteWebDriver.get(RemoteWebDriver.java:277)
at com.crm.qa.base.TestBase.initialization(TestBase.java:56)
at com.crm.qa.testcases.LoginPageTest.setUp(LoginPageTest.java:25)
at java.base/java.util.ArrayList.forEach(ArrayList.java:1540)
... Removed 35 stack frames]]>
    </failure>
  </testcase> <!-- @BeforeMethod setUp -->
  <testcase classname="com.crm.qa.testcases.LoginPageTest" name="@AfterMethod tearDown" time="-1.599995580565E9">
    <skipped/>
  </testcase> <!-- @AfterMethod tearDown -->
  <testcase classname="com.crm.qa.testcases.LoginPageTest" name="@BeforeMethod setUp" time="-1.599995580575E9">
    <skipped/>
  </testcase> <!-- @BeforeMethod setUp -->
  <testcase classname="com.crm.qa.testcases.LoginPageTest" name="@AfterMethod tearDown" time="-1.599995580586E9">
    <skipped/>
  </testcase> <!-- @AfterMethod tearDown -->
  <testcase classname="com.crm.qa.testcases.LoginPageTest" name="loginPageTitle" time="0.0">
    <skipped/>
  </testcase> <!-- loginPageTitle -->
  <testcase classname="com.crm.qa.testcases.LoginPageTest" name="loginTest" time="0.0">
    <skipped/>
  </testcase> <!-- loginTest -->
  <testcase classname="com.crm.qa.testcases.HomePageTest" name="verifyHomePageTitleTest" time="0.011"/>
  <testcase classname="com.crm.qa.testcases.HomePageTest" name="verifyusernameTest" time="3.329"/>
  <testcase classname="com.crm.qa.testcases.HomePageTest" name="clickOnConctsLinkTest" time="2.697"/>
  <testcase classname="com.crm.qa.testcases.ContactsPageTest" name="verifyContactsPageLableTest" time="0.085"/>
  <testcase classname="com.crm.qa.testcases.ContactsPageTest" name="selectSingleContactsTest" time="1.783"/>
  <testcase classname="com.crm.qa.testcases.ContactsPageTest" name="selectMultipleContactsTest" time="1.763"/>
  <testcase classname="com.crm.qa.testcases.ContactsPageTest" name="clickNewContactTest" time="12.902"/>
  <testcase classname="com.crm.qa.testcases.ContactsPageTest" name="clickNewContactTest" time="13.826"/>
  <testcase classname="com.crm.qa.testcases.ContactsPageTest" name="clickNewContactTest" time="11.536"/>
</testsuite> <!-- Free crm App testcases -->
