<?xml version="1.0" encoding="UTF-8"?>
<testng-results ignored="0" total="2" passed="2" failed="0" skipped="0">
  <reporter-output>
  </reporter-output>
  <suite started-at="2024-10-17T19:43:02 IST" name="Default suite" finished-at="2024-10-17T19:44:03 IST" duration-ms="60353">
    <groups>
      <group name="group1">
        <method signature="LoginPageTest.loginPageTitle()[pri:1, instance:com.crm.qa.testcases.LoginPageTest@16a0ee18]" name="loginPageTitle" class="com.crm.qa.testcases.LoginPageTest"/>
        <method signature="LoginPageTest.loginTest()[pri:2, instance:com.crm.qa.testcases.LoginPageTest@16a0ee18]" name="loginTest" class="com.crm.qa.testcases.LoginPageTest"/>
      </group> <!-- group1 -->
    </groups>
    <test started-at="2024-10-17T19:43:02 IST" name="Default test" finished-at="2024-10-17T19:44:03 IST" duration-ms="60353">
      <class name="com.crm.qa.testcases.LoginPageTest">
        <test-method is-config="true" signature="initialization()[pri:0, instance:com.crm.qa.testcases.LoginPageTest@16a0ee18]" started-at="2024-10-17T19:43:03 IST" name="initialization" finished-at="2024-10-17T19:43:40 IST" duration-ms="37535" status="PASS">
          <reporter-output>
          </reporter-output>
        </test-method> <!-- initialization -->
        <test-method signature="loginPageTitle()[pri:1, instance:com.crm.qa.testcases.LoginPageTest@16a0ee18]" started-at="2024-10-17T19:43:40 IST" name="loginPageTitle" finished-at="2024-10-17T19:43:40 IST" duration-ms="77" status="PASS">
          <reporter-output>
          </reporter-output>
        </test-method> <!-- loginPageTitle -->
        <test-method is-config="true" signature="tearDown()[pri:0, instance:com.crm.qa.testcases.LoginPageTest@16a0ee18]" started-at="2024-10-17T19:43:40 IST" name="tearDown" finished-at="2024-10-17T19:43:41 IST" duration-ms="1048" status="PASS">
          <reporter-output>
          </reporter-output>
        </test-method> <!-- tearDown -->
        <test-method is-config="true" signature="initialization()[pri:0, instance:com.crm.qa.testcases.LoginPageTest@16a0ee18]" started-at="2024-10-17T19:43:41 IST" name="initialization" finished-at="2024-10-17T19:44:01 IST" duration-ms="19902" status="PASS">
          <reporter-output>
          </reporter-output>
        </test-method> <!-- initialization -->
        <test-method signature="loginTest()[pri:2, instance:com.crm.qa.testcases.LoginPageTest@16a0ee18]" started-at="2024-10-17T19:44:01 IST" name="loginTest" finished-at="2024-10-17T19:44:02 IST" duration-ms="739" status="PASS">
          <reporter-output>
          </reporter-output>
        </test-method> <!-- loginTest -->
        <test-method is-config="true" signature="tearDown()[pri:0, instance:com.crm.qa.testcases.LoginPageTest@16a0ee18]" started-at="2024-10-17T19:44:02 IST" name="tearDown" finished-at="2024-10-17T19:44:03 IST" duration-ms="908" status="PASS">
          <reporter-output>
          </reporter-output>
        </test-method> <!-- tearDown -->
      </class> <!-- com.crm.qa.testcases.LoginPageTest -->
    </test> <!-- Default test -->
  </suite> <!-- Default suite -->
</testng-results>
