<?xml version="1.0" encoding="UTF-8"?>
<testng-results ignored="0" total="3" passed="3" failed="0" skipped="0">
  <reporter-output>
  </reporter-output>
  <suite started-at="2020-09-16T12:40:35 IST" name="Default suite" finished-at="2020-09-16T12:41:48 IST" duration-ms="73023">
    <groups>
    </groups>
    <test started-at="2020-09-16T12:40:35 IST" name="Default test" finished-at="2020-09-16T12:41:48 IST" duration-ms="73023">
      <class name="com.crm.qa.testcases.HomePageTest">
        <test-method is-config="true" signature="setUp()[pri:0, instance:com.crm.qa.testcases.HomePageTest@3315d2d7]" started-at="2020-09-16T12:40:35 IST" name="setUp" finished-at="2020-09-16T12:40:48 IST" duration-ms="13404" status="PASS">
          <reporter-output>
          </reporter-output>
        </test-method> <!-- setUp -->
        <test-method signature="verifyHomePageTitleTest()[pri:1, instance:com.crm.qa.testcases.HomePageTest@3315d2d7]" started-at="2020-09-16T12:40:48 IST" name="verifyHomePageTitleTest" finished-at="2020-09-16T12:40:48 IST" duration-ms="330" status="PASS">
          <reporter-output>
          </reporter-output>
        </test-method> <!-- verifyHomePageTitleTest -->
        <test-method is-config="true" signature="tearDown()[pri:0, instance:com.crm.qa.testcases.HomePageTest@3315d2d7]" started-at="2020-09-16T12:40:48 IST" name="tearDown" finished-at="2020-09-16T12:40:49 IST" duration-ms="813" status="PASS">
          <reporter-output>
          </reporter-output>
        </test-method> <!-- tearDown -->
        <test-method is-config="true" signature="setUp()[pri:0, instance:com.crm.qa.testcases.HomePageTest@3315d2d7]" started-at="2020-09-16T12:40:49 IST" name="setUp" finished-at="2020-09-16T12:41:18 IST" duration-ms="28297" status="PASS">
          <reporter-output>
          </reporter-output>
        </test-method> <!-- setUp -->
        <test-method signature="verifyusernameTest()[pri:2, instance:com.crm.qa.testcases.HomePageTest@3315d2d7]" started-at="2020-09-16T12:41:18 IST" name="verifyusernameTest" finished-at="2020-09-16T12:41:22 IST" duration-ms="4408" status="PASS">
          <reporter-output>
          </reporter-output>
        </test-method> <!-- verifyusernameTest -->
        <test-method is-config="true" signature="tearDown()[pri:0, instance:com.crm.qa.testcases.HomePageTest@3315d2d7]" started-at="2020-09-16T12:41:22 IST" name="tearDown" finished-at="2020-09-16T12:41:23 IST" duration-ms="760" status="PASS">
          <reporter-output>
          </reporter-output>
        </test-method> <!-- tearDown -->
        <test-method is-config="true" signature="setUp()[pri:0, instance:com.crm.qa.testcases.HomePageTest@3315d2d7]" started-at="2020-09-16T12:41:23 IST" name="setUp" finished-at="2020-09-16T12:41:45 IST" duration-ms="22532" status="PASS">
          <reporter-output>
          </reporter-output>
        </test-method> <!-- setUp -->
        <test-method signature="clickOnConctsLinkTest()[pri:3, instance:com.crm.qa.testcases.HomePageTest@3315d2d7]" started-at="2020-09-16T12:41:45 IST" name="clickOnConctsLinkTest" finished-at="2020-09-16T12:41:47 IST" duration-ms="1733" status="PASS">
          <reporter-output>
          </reporter-output>
        </test-method> <!-- clickOnConctsLinkTest -->
        <test-method is-config="true" signature="tearDown()[pri:0, instance:com.crm.qa.testcases.HomePageTest@3315d2d7]" started-at="2020-09-16T12:41:47 IST" name="tearDown" finished-at="2020-09-16T12:41:48 IST" duration-ms="674" status="PASS">
          <reporter-output>
          </reporter-output>
        </test-method> <!-- tearDown -->
      </class> <!-- com.crm.qa.testcases.HomePageTest -->
    </test> <!-- Default test -->
  </suite> <!-- Default suite -->
</testng-results>
